<?xml version="1.0" encoding="UTF-8"?>
<!-- Generated by org.testng.reporters.JUnitReportReporter -->
<testsuite hostname="shreyass-Air.bbrouter" failures="0" tests="2" name="LumaAutomation_Tests.Luma_RegistrationTests" time="13.543" errors="0" timestamp="2023-07-01T18:41:39 IST" skipped="0">
  <testcase classname="LumaAutomation_Tests.Luma_RegistrationTests" name="Navigate_To_Registration_Page" time="13.541"/>
  <system-out/>
  <testcase classname="LumaAutomation_Tests.Luma_RegistrationTests" name="enter_userDetails" time="0.002"/>
  <system-out/>
</testsuite> <!-- LumaAutomation_Tests.Luma_RegistrationTests -->
